<?xml version="1.0" encoding="UTF-8"?>
<robot generator="Robot 7.2.2 (Python 3.12.5 on win32)" generated="2025-02-20T17:15:14.598791" rpa="false" schemaversion="5">
<suite id="s1" name="Suites">
<suite id="s1-s1" name="TS 2" source="D:\20-02-2025\tests\TS_2.robot">
<test id="s1-s1-t1" name="Google Search Part 2" line="8">
<kw name="Log To Console" owner="BuiltIn">
<arg>Starting Google Search Part 2</arg>
<doc>Logs the given message to the console.</doc>
<status status="PASS" start="2025-02-20T17:15:14.981993" elapsed="0.000000"/>
</kw>
<kw name="Google Search" owner="google_search">
<kw name="Open Browser" owner="SeleniumLibrary">
<msg time="2025-02-20T17:15:14.981993" level="INFO">Opening browser 'chrome' to base url 'https://www.google.com'.</msg>
<arg>${URL}</arg>
<arg>${BROWSER}</arg>
<doc>Opens a new browser instance to the optional ``url``.</doc>
<status status="PASS" start="2025-02-20T17:15:14.981993" elapsed="4.907133"/>
</kw>
<kw name="Input Text" owner="SeleniumLibrary">
<msg time="2025-02-20T17:15:19.891710" level="INFO">Typing text 'selenium example' into text field 'name:q'.</msg>
<arg>name:q</arg>
<arg>${SEARCH_TERM}</arg>
<doc>Types the given ``text`` into the text field identified by ``locator``.</doc>
<status status="PASS" start="2025-02-20T17:15:19.891710" elapsed="0.151819"/>
</kw>
<kw name="Press Keys" owner="SeleniumLibrary">
<msg time="2025-02-20T17:15:20.044827" level="INFO">Sending key(s) ('\\13',) to name:q element.</msg>
<msg time="2025-02-20T17:15:20.344187" level="INFO">Sending keys \13</msg>
<arg>name:q</arg>
<arg>\\13</arg>
<doc>Simulates the user pressing key(s) to an element or on the active browser.</doc>
<status status="PASS" start="2025-02-20T17:15:20.044147" elapsed="0.322192"/>
</kw>
<kw name="Wait Until Page Contains" owner="SeleniumLibrary">
<arg>${SEARCH_TERM}</arg>
<doc>Waits until ``text`` appears on the current page.</doc>
<status status="PASS" start="2025-02-20T17:15:20.366339" elapsed="0.018196"/>
</kw>
<kw name="Close Browser" owner="SeleniumLibrary">
<doc>Closes the current browser.</doc>
<status status="PASS" start="2025-02-20T17:15:20.384535" elapsed="2.145597"/>
</kw>
<status status="PASS" start="2025-02-20T17:15:14.981993" elapsed="7.549362"/>
</kw>
<kw name="Log To Console" owner="BuiltIn">
<arg>Completed Google Search Part 2</arg>
<doc>Logs the given message to the console.</doc>
<status status="PASS" start="2025-02-20T17:15:22.531355" elapsed="0.000905"/>
</kw>
<status status="PASS" start="2025-02-20T17:15:14.981993" elapsed="7.550267"/>
</test>
<status status="PASS" start="2025-02-20T17:15:14.632330" elapsed="7.899930"/>
</suite>
<status status="PASS" start="2025-02-20T17:15:14.615764" elapsed="7.916496"/>
</suite>
<statistics>
<total>
<stat pass="1" fail="0" skip="0">All Tests</stat>
</total>
<tag>
</tag>
<suite>
<stat name="Suites" id="s1" pass="1" fail="0" skip="0">Suites</stat>
<stat name="TS 2" id="s1-s1" pass="1" fail="0" skip="0">Suites.TS 2</stat>
</suite>
</statistics>
<errors>
</errors>
</robot>
